Flutter crash report.
Please report a bug at https://github.com/flutter/flutter/issues.

## command

flutter run --machine --start-paused -d chrome --devtools-server-address http://127.0.0.1:9100/ --target C:\XI-semester 2\belajar flutter\belajar1\lib\main.dart

## exception

HttpException: HttpException: Connection closed before full header was received, uri = http://localhost:63919/json

```
```

## flutter doctor

```
[!] Flutter (Channel stable, 3.24.0, on Microsoft Windows [Version 10.0.26100.3194], locale en-ID)
    • Flutter version 3.24.0 on channel stable at C:\Android\flutter
    ! The flutter binary is not on your path. Consider adding C:\Android\flutter\bin to your path.
    ! The dart binary is not on your path. Consider adding C:\Android\flutter\bin to your path.
    • Upstream repository https://github.com/flutter/flutter.git
    • Framework revision 80c2e84975 (), 2024-07-30 23:06:49 +0700
    • Engine revision b8800d88be
    • Dart version 3.5.0
    • DevTools version 2.37.2
    • If those were intentional, you can disregard the above warnings; however it is recommended to use "git" directly to perform update checks and upgrades.

[!] Windows Version (Problem detected with Windows installation)
    ! Get-Process failed to complete

[!] Android toolchain - develop for Android devices (Android SDK version 35.0.1)
    • Android SDK at C:\Users\Rasyd Sholih Hakim\AppData\Local\Android\sdk
    • Platform android-35, build-tools 35.0.1
    • Java binary at: C:\Program Files\Android\Android Studio\jbr\bin\java
    ✗ Could not determine java version

[✓] Chrome - develop for the web
    • Chrome at C:\Program Files (x86)\Google\Chrome\Application\chrome.exe

[✗] Visual Studio - develop Windows apps
    ✗ Visual Studio not installed; this is necessary to develop Windows apps.
      Download at https://visualstudio.microsoft.com/downloads/.
      Please install the "Desktop development with C++" workload, including all of its default components

[!] Android Studio (version 2023.2)
    • Android Studio at C:\Program Files\Android\Android Studio
    • Flutter plugin can be installed from:
      🔨 https://plugins.jetbrains.com/plugin/9212-flutter
    • Dart plugin can be installed from:
      🔨 https://plugins.jetbrains.com/plugin/6351-dart
    ✗ Unable to determine bundled Java version.
    • Try updating or re-installing Android Studio.

[✓] VS Code (version 1.98.0)
    • VS Code at C:\Users\Rasyd Sholih Hakim\AppData\Local\Programs\Microsoft VS Code
    • Flutter extension version 3.107.20250303

[☠] Connected device (the doctor check crashed)
    ✗ Due to an error, the doctor check did not complete. If the error message below is not helpful, please let us know about this issue at https://github.com/flutter/flutter/issues.
    ✗ Error: Unable to run "adb", check your Android SDK installation and ANDROID_HOME environment variable: C:\Users\Rasyd Sholih Hakim\AppData\Local\Android\sdk\platform-tools\adb.exe
      Error details: Process exited abnormally with exit code -1073741502:

    • #0      throwToolExit (package:flutter_tools/src/base/common.dart:10:3)
      #1      AndroidDevices.pollingGetDevices (package:flutter_tools/src/android/android_device_discovery.dart:75:7)
      <asynchronous suspension>
      #2      PollingDeviceDiscovery._populateDevices (package:flutter_tools/src/device.dart:548:36)
      <asynchronous suspension>
      #3      Future.wait.<anonymous closure> (dart:async/future.dart:534:21)
      <asynchronous suspension>
      #4      DeviceManager.refreshAllDevices (package:flutter_tools/src/device.dart:218:40)
      <asynchronous suspension>
      #5      DeviceValidator.validate (package:flutter_tools/src/doctor.dart:715:34)
      <asynchronous suspension>
      #6      Future.any.onValue (dart:async/future.dart:628:5)
      <asynchronous suspension>


[✓] Network resources
    • All expected network resources are available.

! Doctor found issues in 6 categories.
```
